.
1 open GO.PRM
0 close GO.PRM
1 open CQS.PRM
0 close CQS.PRM
1 open GO.PRM
0 close GO.PRM
1 open D:\COMPUS\GO.PRM
0 close D:\COMPUS\GO.PRM
1 open .\download.dat
0 close .\download.dat
1 open .\download.dat
0 close .\download.dat
1 open .\download.dat
0 close .\download.dat
1 create  .\download.dat
0 close .\download.dat
1 open D:\COMPUS\GO.PRM
0 close D:\COMPUS\GO.PRM
1 open .\MIRROR.PRM
0 close .\MIRROR.PRM
1 open GO.PRM
0 close GO.PRM
1 open GO.PRM
0 close GO.PRM
1 open .\download.dat
0 close .\download.dat
1 open D:\COMPUS\GO.PRM
0 close D:\COMPUS\GO.PRM
1 open D:\COMPUS\GO.PRM
0 close D:\COMPUS\GO.PRM
1 open D:\COMPUS\GO.PRM
0 close D:\COMPUS\GO.PRM
1 open D:\COMPUS\GO.PRM
0 close D:\COMPUS\GO.PRM
1 open D:\COMPUS\GO.PRM
0 close D:\COMPUS\GO.PRM
1 open D:\COMPUS\GO.PRM
0 close D:\COMPUS\GO.PRM
1 open D:\COMPUS\GO.PRM
0 close D:\COMPUS\GO.PRM
1 open GO.PRM
0 close GO.PRM
1 open GO.PRM
0 close GO.PRM
1 open GO.PRM
0 close GO.PRM
1 open GO.PRM
0 close GO.PRM
1 open GO.PRM
0 close GO.PRM
1 open GO.PRM
0 close GO.PRM
1 open GO.PRM
0 close GO.PRM
1 open COMP.D03
2 open RATE.D03
3 open COMPM.D03
2 close COMPM.D03
3 open COMPQ.D03
2 close COMPQ.D03
3 open COMPH.D03
2 close COMPH.D03
3 open GO.PRM
2 close GO.PRM
3 open D:\COMPUS\GO.PRM
2 close D:\COMPUS\GO.PRM
3 open GO.PRM
2 close GO.PRM
3 open D:\COMPUS\GO.PRM
2 close D:\COMPUS\GO.PRM
3 open D:\COMPUS\GO.PRM
2 close D:\COMPUS\GO.PRM
3 open GO.PRM
2 close GO.PRM
3 open D:\COMPUS\GO.PRM
2 close D:\COMPUS\GO.PRM
1 close COMP.D03
0 close RATE.D03
1 open GO.PRM
0 close GO.PRM
1 open COMP.D03
2 open RATE.D03
3 open D:\COMPUS\GO.PRM
2 close D:\COMPUS\GO.PRM
1 close COMP.D03
0 close RATE.D03
1 open GO.PRM
0 close GO.PRM
1 open COMP.D03
2 open RATE.D03
3 open D:\COMPUS\GO.PRM
2 close D:\COMPUS\GO.PRM
1 close COMP.D03
0 close RATE.D03
1 open GO.PRM
0 close GO.PRM
1 open COMP.D03
2 open RATE.D03
3 open D:\COMPUS\GO.PRM
2 close D:\COMPUS\GO.PRM
1 close COMP.D03
0 close RATE.D03
1 open GO.PRM
0 close GO.PRM
1 open COMP.D03
2 open RATE.D03
3 open D:\COMPUS\GO.PRM
2 close D:\COMPUS\GO.PRM
1 close COMP.D03
0 close RATE.D03
1 open GO.PRM
0 close GO.PRM
1 open COMP.D03
2 open RATE.D03
3 open D:\COMPUS\GO.PRM
2 close D:\COMPUS\GO.PRM
1 close COMP.D03
0 close RATE.D03
1 open GO.PRM
0 close GO.PRM
1 open COMP.D03
2 open RATE.D03
3 open D:\COMPUS\GO.PRM
2 close D:\COMPUS\GO.PRM
1 close COMP.D03
0 close RATE.D03
1 open GO.PRM
0 close GO.PRM
1 open GO.PRM
0 close GO.PRM
1 open GO.PRM
0 close GO.PRM
1 open GO.PRM
0 close GO.PRM
1 open GO.PRM
0 close GO.PRM
1 open COMP.D03
2 open RATE.D03
3 open GO.PRM
2 close GO.PRM
3 open D:\COMPUS\GO.PRM
2 close D:\COMPUS\GO.PRM
3 open GO.PRM
2 close GO.PRM
3 open D:\COMPUS\GO.PRM
2 close D:\COMPUS\GO.PRM
3 open D:\COMPUS\GO.PRM
2 close D:\COMPUS\GO.PRM
3 open GO.PRM
2 close GO.PRM
3 open D:\COMPUS\GO.PRM
2 close D:\COMPUS\GO.PRM
1 close COMP.D03
0 close RATE.D03
1 open GO.PRM
0 close GO.PRM
1 open COMP.D03
2 open RATE.D03
3 open D:\COMPUS\GO.PRM
2 close D:\COMPUS\GO.PRM
1 close COMP.D03
0 close RATE.D03
1 open GO.PRM
0 close GO.PRM
1 open COMP.D03
2 open RATE.D03
3 open D:\COMPUS\GO.PRM
2 close D:\COMPUS\GO.PRM
1 close COMP.D03
0 close RATE.D03
1 open GO.PRM
0 close GO.PRM
1 open COMP.D03
2 open RATE.D03
3 open D:\COMPUS\GO.PRM
2 close D:\COMPUS\GO.PRM
1 close COMP.D03
0 close RATE.D03
1 open GO.PRM
0 close GO.PRM
1 open COMP.D03
2 open RATE.D03
3 open D:\COMPUS\GO.PRM
2 close D:\COMPUS\GO.PRM
1 close COMP.D03
0 close RATE.D03
1 open GO.PRM
0 close GO.PRM
1 open COMP.D03
2 open RATE.D03
3 open D:\COMPUS\GO.PRM
2 close D:\COMPUS\GO.PRM
1 close COMP.D03
0 close RATE.D03
1 open GO.PRM
0 close GO.PRM
1 open COMP.D03
2 open RATE.D03
3 open D:\COMPUS\GO.PRM
2 close D:\COMPUS\GO.PRM
1 close COMP.D03
0 close RATE.D03
1 open GO.PRM
0 close GO.PRM
1 open CQS.PRM
0 close CQS.PRM
1 open GO.PRM
0 close GO.PRM
1 open D:\COMPUS\GO.PRM
0 close D:\COMPUS\GO.PRM
1 open .\download.dat
0 close .\download.dat
1 open .\download.dat
0 close .\download.dat
1 open .\download.dat
0 close .\download.dat
1 create  .\download.dat
0 close .\download.dat
1 open D:\COMPUS\GO.PRM
0 close D:\COMPUS\GO.PRM
1 open .\MIRROR.PRM
0 close .\MIRROR.PRM
1 open GO.PRM
0 close GO.PRM
1 open GO.PRM
0 close GO.PRM
1 open .\download.dat
0 close .\download.dat
1 open D:\COMPUS\GO.PRM
0 close D:\COMPUS\GO.PRM
1 open D:\COMPUS\GO.PRM
0 close D:\COMPUS\GO.PRM
1 open D:\COMPUS\GO.PRM
0 close D:\COMPUS\GO.PRM
1 open D:\COMPUS\GO.PRM
0 close D:\COMPUS\GO.PRM
1 open D:\COMPUS\GO.PRM
0 close D:\COMPUS\GO.PRM
1 open D:\COMPUS\GO.PRM
0 close D:\COMPUS\GO.PRM
1 open D:\COMPUS\GO.PRM
0 close D:\COMPUS\GO.PRM
1 open GO.PRM
0 close GO.PRM
1 open GO.PRM
0 close GO.PRM
1 open GO.PRM
0 close GO.PRM
1 open GO.PRM
0 close GO.PRM
1 open GO.PRM
0 close GO.PRM
1 open GO.PRM
0 close GO.PRM
1 open GO.PRM
0 close GO.PRM
1 open COMP.D03
2 open RATE.D03
3 open COMPM.D03
2 close COMPM.D03
3 open COMPQ.D03
2 close COMPQ.D03
3 open COMPH.D03
2 close COMPH.D03
3 open GO.PRM
2 close GO.PRM
3 open D:\COMPUS\GO.PRM
2 close D:\COMPUS\GO.PRM
3 open GO.PRM
2 close GO.PRM
3 open D:\COMPUS\GO.PRM
2 close D:\COMPUS\GO.PRM
3 open D:\COMPUS\GO.PRM
2 close D:\COMPUS\GO.PRM
3 open GO.PRM
2 close GO.PRM
3 open D:\COMPUS\GO.PRM
2 close D:\COMPUS\GO.PRM
1 close COMP.D03
0 close RATE.D03
1 open GO.PRM
0 close GO.PRM
1 open COMP.D03
2 open RATE.D03
3 open D:\COMPUS\GO.PRM
2 close D:\COMPUS\GO.PRM
1 close COMP.D03
0 close RATE.D03
1 open GO.PRM
0 close GO.PRM
1 open COMP.D03
2 open RATE.D03
3 open D:\COMPUS\GO.PRM
2 close D:\COMPUS\GO.PRM
1 close COMP.D03
0 close RATE.D03
1 open GO.PRM
0 close GO.PRM
1 open COMP.D03
2 open RATE.D03
3 open D:\COMPUS\GO.PRM
2 close D:\COMPUS\GO.PRM
1 close COMP.D03
0 close RATE.D03
1 open GO.PRM
0 close GO.PRM
1 open COMP.D03
2 open RATE.D03
3 open D:\COMPUS\GO.PRM
2 close D:\COMPUS\GO.PRM
1 close COMP.D03
0 close RATE.D03
1 open GO.PRM
0 close GO.PRM
1 open COMP.D03
2 open RATE.D03
3 open D:\COMPUS\GO.PRM
2 close D:\COMPUS\GO.PRM
1 close COMP.D03
0 close RATE.D03
1 open GO.PRM
0 close GO.PRM
1 open COMP.D03
2 open RATE.D03
3 open D:\COMPUS\GO.PRM
2 close D:\COMPUS\GO.PRM
1 close COMP.D03
0 close RATE.D03
1 open GO.PRM
0 close GO.PRM
1 open GO.PRM
0 close GO.PRM
1 open GO.PRM
0 close GO.PRM
1 open GO.PRM
0 close GO.PRM
1 open GO.PRM
0 close GO.PRM
1 open COMP.D03
2 open RATE.D03
3 open GO.PRM
2 close GO.PRM
3 open D:\COMPUS\GO.PRM
2 close D:\COMPUS\GO.PRM
3 open GO.PRM
2 close GO.PRM
3 open D:\COMPUS\GO.PRM
2 close D:\COMPUS\GO.PRM
3 open D:\COMPUS\GO.PRM
2 close D:\COMPUS\GO.PRM
3 open GO.PRM
2 close GO.PRM
3 open D:\COMPUS\GO.PRM
2 close D:\COMPUS\GO.PRM
1 close COMP.D03
0 close RATE.D03
1 open GO.PRM
0 close GO.PRM
1 open COMP.D03
2 open RATE.D03
3 open D:\COMPUS\GO.PRM
2 close D:\COMPUS\GO.PRM
1 close COMP.D03
0 close RATE.D03
1 open GO.PRM
0 close GO.PRM
1 open COMP.D03
2 open RATE.D03
3 open D:\COMPUS\GO.PRM
2 close D:\COMPUS\GO.PRM
1 close COMP.D03
0 close RATE.D03
1 open GO.PRM
0 close GO.PRM
1 open COMP.D03
2 open RATE.D03
3 open D:\COMPUS\GO.PRM
2 close D:\COMPUS\GO.PRM
1 close COMP.D03
0 close RATE.D03
1 open GO.PRM
0 close GO.PRM
1 open COMP.D03
2 open RATE.D03
3 open D:\COMPUS\GO.PRM
2 close D:\COMPUS\GO.PRM
1 close COMP.D03
0 close RATE.D03
1 open GO.PRM
0 close GO.PRM
1 open COMP.D03
2 open RATE.D03
3 open D:\COMPUS\GO.PRM
2 close D:\COMPUS\GO.PRM
1 close COMP.D03
0 close RATE.D03
1 open GO.PRM
0 close GO.PRM
1 open COMP.D03
2 open RATE.D03
3 open D:\COMPUS\GO.PRM
2 close D:\COMPUS\GO.PRM
1 close COMP.D03
0 close RATE.D03